# JRE version: Java(TM) SE Runtime Environment (8.0_91-b15) (build 1.8.0_91-b15)
# Java VM: Java HotSpot(TM) 64-Bit Server VM (25.91-b15 mixed mode windows-amd64 compressed oops)
Heap:
 PSYoungGen      total 82944K, used 9282K [0x00000000e0b00000, 0x00000000e7780000, 0x0000000100000000)
  eden space 75264K, 4% used [0x00000000e0b00000,0x00000000e0e05208,0x00000000e5480000)
  from space 7680K, 80% used [0x00000000e6880000,0x00000000e6e8b798,0x00000000e7000000)
  to   space 5120K, 0% used [0x00000000e7280000,0x00000000e7280000,0x00000000e7780000)
 ParOldGen       total 46592K, used 7207K [0x00000000a2000000, 0x00000000a4d80000, 0x00000000e0b00000)
  object space 46592K, 15% used [0x00000000a2000000,0x00000000a2709c80,0x00000000a4d80000)
 Metaspace       used 29696K, capacity 29990K, committed 30336K, reserved 1075200K
  class space    used 3772K, capacity 3853K, committed 3968K, reserved 1048576K
GC Heap History (10 events):
Event: 1.837 GC heap before
{Heap before GC invocations=4 (full 0):
 PSYoungGen      total 28160K, used 28150K [0x00000000e0b00000, 0x00000000e4200000, 0x0000000100000000)
  eden space 24576K, 100% used [0x00000000e0b00000,0x00000000e2300000,0x00000000e2300000)
  from space 3584K, 99% used [0x00000000e2300000,0x00000000e267db50,0x00000000e2680000)
  to   space 3584K, 0% used [0x00000000e3e80000,0x00000000e3e80000,0x00000000e4200000)
 ParOldGen       total 64512K, used 2281K [0x00000000a2000000, 0x00000000a5f00000, 0x00000000e0b00000)
  object space 64512K, 3% used [0x00000000a2000000,0x00000000a223a7f8,0x00000000a5f00000)
 Metaspace       used 17356K, capacity 17610K, committed 17920K, reserved 1064960K
  class space    used 2200K, capacity 2275K, committed 2304K, reserved 1048576K
Event: 1.847 GC heap after
Heap after GC invocations=4 (full 0):
 PSYoungGen      total 52736K, used 3556K [0x00000000e0b00000, 0x00000000e4200000, 0x0000000100000000)
  eden space 49152K, 0% used [0x00000000e0b00000,0x00000000e0b00000,0x00000000e3b00000)
  from space 3584K, 99% used [0x00000000e3e80000,0x00000000e41f9348,0x00000000e4200000)
  to   space 3584K, 0% used [0x00000000e3b00000,0x00000000e3b00000,0x00000000e3e80000)
 ParOldGen       total 64512K, used 4563K [0x00000000a2000000, 0x00000000a5f00000, 0x00000000e0b00000)
  object space 64512K, 7% used [0x00000000a2000000,0x00000000a2474fd0,0x00000000a5f00000)
 Metaspace       used 17356K, capacity 17610K, committed 17920K, reserved 1064960K
  class space    used 2200K, capacity 2275K, committed 2304K, reserved 1048576K
}
Event: 2.341 GC heap before
{Heap before GC invocations=5 (full 0):
 PSYoungGen      total 52736K, used 21382K [0x00000000e0b00000, 0x00000000e4200000, 0x0000000100000000)
  eden space 49152K, 36% used [0x00000000e0b00000,0x00000000e1c68818,0x00000000e3b00000)
  from space 3584K, 99% used [0x00000000e3e80000,0x00000000e41f9348,0x00000000e4200000)
  to   space 3584K, 0% used [0x00000000e3b00000,0x00000000e3b00000,0x00000000e3e80000)
 ParOldGen       total 64512K, used 4563K [0x00000000a2000000, 0x00000000a5f00000, 0x00000000e0b00000)
  object space 64512K, 7% used [0x00000000a2000000,0x00000000a2474fd0,0x00000000a5f00000)
 Metaspace       used 20852K, capacity 21130K, committed 21296K, reserved 1069056K
  class space    used 2602K, capacity 2659K, committed 2688K, reserved 1048576K
Event: 2.351 GC heap after
Heap after GC invocations=5 (full 0):
 PSYoungGen      total 52736K, used 3572K [0x00000000e0b00000, 0x00000000e7a00000, 0x0000000100000000)
  eden space 49152K, 0% used [0x00000000e0b00000,0x00000000e0b00000,0x00000000e3b00000)
  from space 3584K, 99% used [0x00000000e3b00000,0x00000000e3e7d378,0x00000000e3e80000)
  to   space 7680K, 0% used [0x00000000e7280000,0x00000000e7280000,0x00000000e7a00000)
 ParOldGen       total 64512K, used 8126K [0x00000000a2000000, 0x00000000a5f00000, 0x00000000e0b00000)
  object space 64512K, 12% used [0x00000000a2000000,0x00000000a27ef838,0x00000000a5f00000)
 Metaspace       used 20852K, capacity 21130K, committed 21296K, reserved 1069056K
  class space    used 2602K, capacity 2659K, committed 2688K, reserved 1048576K
}
Event: 2.351 GC heap before
{Heap before GC invocations=6 (full 1):
 PSYoungGen      total 52736K, used 3572K [0x00000000e0b00000, 0x00000000e7a00000, 0x0000000100000000)
  eden space 49152K, 0% used [0x00000000e0b00000,0x00000000e0b00000,0x00000000e3b00000)
  from space 3584K, 99% used [0x00000000e3b00000,0x00000000e3e7d378,0x00000000e3e80000)
  to   space 7680K, 0% used [0x00000000e7280000,0x00000000e7280000,0x00000000e7a00000)
 ParOldGen       total 64512K, used 8126K [0x00000000a2000000, 0x00000000a5f00000, 0x00000000e0b00000)
  object space 64512K, 12% used [0x00000000a2000000,0x00000000a27ef838,0x00000000a5f00000)
 Metaspace       used 20852K, capacity 21130K, committed 21296K, reserved 1069056K
  class space    used 2602K, capacity 2659K, committed 2688K, reserved 1048576K
Event: 2.384 GC heap after
Heap after GC invocations=6 (full 1):
 PSYoungGen      total 52736K, used 0K [0x00000000e0b00000, 0x00000000e7a00000, 0x0000000100000000)
  eden space 49152K, 0% used [0x00000000e0b00000,0x00000000e0b00000,0x00000000e3b00000)
  from space 3584K, 0% used [0x00000000e3b00000,0x00000000e3b00000,0x00000000e3e80000)
  to   space 7680K, 0% used [0x00000000e7280000,0x00000000e7280000,0x00000000e7a00000)
 ParOldGen       total 46592K, used 7199K [0x00000000a2000000, 0x00000000a4d80000, 0x00000000e0b00000)
  object space 46592K, 15% used [0x00000000a2000000,0x00000000a2707c80,0x00000000a4d80000)
 Metaspace       used 20852K, capacity 21130K, committed 21296K, reserved 1069056K
  class space    used 2602K, capacity 2659K, committed 2688K, reserved 1048576K
}
Event: 3.240 GC heap before
{Heap before GC invocations=7 (full 1):
 PSYoungGen      total 52736K, used 49152K [0x00000000e0b00000, 0x00000000e7a00000, 0x0000000100000000)
  eden space 49152K, 100% used [0x00000000e0b00000,0x00000000e3b00000,0x00000000e3b00000)
  from space 3584K, 0% used [0x00000000e3b00000,0x00000000e3b00000,0x00000000e3e80000)
  to   space 7680K, 0% used [0x00000000e7280000,0x00000000e7280000,0x00000000e7a00000)
 ParOldGen       total 46592K, used 7199K [0x00000000a2000000, 0x00000000a4d80000, 0x00000000e0b00000)
  object space 46592K, 15% used [0x00000000a2000000,0x00000000a2707c80,0x00000000a4d80000)
 Metaspace       used 25445K, capacity 25706K, committed 25984K, reserved 1071104K
  class space    used 3270K, capacity 3331K, committed 3456K, reserved 1048576K
Event: 3.248 GC heap after
Heap after GC invocations=7 (full 1):
 PSYoungGen      total 80384K, used 4721K [0x00000000e0b00000, 0x00000000e7780000, 0x0000000100000000)
  eden space 75264K, 0% used [0x00000000e0b00000,0x00000000e0b00000,0x00000000e5480000)
  from space 5120K, 92% used [0x00000000e7280000,0x00000000e771c5e8,0x00000000e7780000)
  to   space 7680K, 0% used [0x00000000e6880000,0x00000000e6880000,0x00000000e7000000)
 ParOldGen       total 46592K, used 7199K [0x00000000a2000000, 0x00000000a4d80000, 0x00000000e0b00000)
  object space 46592K, 15% used [0x00000000a2000000,0x00000000a2707c80,0x00000000a4d80000)
 Metaspace       used 25445K, capacity 25706K, committed 25984K, reserved 1071104K
  class space    used 3270K, capacity 3331K, committed 3456K, reserved 1048576K
}
Event: 4.700 GC heap before
{Heap before GC invocations=8 (full 1):
 PSYoungGen      total 80384K, used 79985K [0x00000000e0b00000, 0x00000000e7780000, 0x0000000100000000)
  eden space 75264K, 100% used [0x00000000e0b00000,0x00000000e5480000,0x00000000e5480000)
  from space 5120K, 92% used [0x00000000e7280000,0x00000000e771c5e8,0x00000000e7780000)
  to   space 7680K, 0% used [0x00000000e6880000,0x00000000e6880000,0x00000000e7000000)
 ParOldGen       total 46592K, used 7199K [0x00000000a2000000, 0x00000000a4d80000, 0x00000000e0b00000)
  object space 46592K, 15% used [0x00000000a2000000,0x00000000a2707c80,0x00000000a4d80000)
 Metaspace       used 29640K, capacity 29926K, committed 30336K, reserved 1075200K
  class space    used 3767K, capacity 3853K, committed 3968K, reserved 1048576K
Event: 4.709 GC heap after
Heap after GC invocations=8 (full 1):
 PSYoungGen      total 82944K, used 6189K [0x00000000e0b00000, 0x00000000e7780000, 0x0000000100000000)
  eden space 75264K, 0% used [0x00000000e0b00000,0x00000000e0b00000,0x00000000e5480000)
  from space 7680K, 80% used [0x00000000e6880000,0x00000000e6e8b798,0x00000000e7000000)
  to   space 5120K, 0% used [0x00000000e7280000,0x00000000e7280000,0x00000000e7780000)
 ParOldGen       total 46592K, used 7207K [0x00000000a2000000, 0x00000000a4d80000, 0x00000000e0b00000)
  object space 46592K, 15% used [0x00000000a2000000,0x00000000a2709c80,0x00000000a4d80000)
 Metaspace       used 29640K, capacity 29926K, committed 30336K, reserved 1075200K
  class space    used 3767K, capacity 3853K, committed 3968K, reserved 1048576K
}

