# JRE version: Java(TM) SE Runtime Environment (8.0_91-b15) (build 1.8.0_91-b15)
# Java VM: Java HotSpot(TM) 64-Bit Server VM (25.91-b15 mixed mode windows-amd64 compressed oops)
Heap:
 PSYoungGen      total 28160K, used 6362K [0x00000000e0b00000, 0x00000000e4000000, 0x0000000100000000)
  eden space 24576K, 11% used [0x00000000e0b00000,0x00000000e0db9df8,0x00000000e2300000)
  from space 3584K, 99% used [0x00000000e2300000,0x00000000e267caf8,0x00000000e2680000)
  to   space 8704K, 0% used [0x00000000e3780000,0x00000000e3780000,0x00000000e4000000)
 ParOldGen       total 49152K, used 8045K [0x00000000a2000000, 0x00000000a5000000, 0x00000000e0b00000)
  object space 49152K, 16% used [0x00000000a2000000,0x00000000a27db6e8,0x00000000a5000000)
 Metaspace       used 25058K, capacity 25210K, committed 25344K, reserved 1071104K
  class space    used 3174K, capacity 3229K, committed 3328K, reserved 1048576K
GC Heap History (10 events):
Event: 1.324 GC heap before
{Heap before GC invocations=2 (full 0):
 PSYoungGen      total 28160K, used 26834K [0x00000000e0b00000, 0x00000000e2a00000, 0x0000000100000000)
  eden space 24576K, 100% used [0x00000000e0b00000,0x00000000e2300000,0x00000000e2300000)
  from space 3584K, 63% used [0x00000000e2300000,0x00000000e2534998,0x00000000e2680000)
  to   space 3584K, 0% used [0x00000000e2680000,0x00000000e2680000,0x00000000e2a00000)
 ParOldGen       total 64512K, used 8K [0x00000000a2000000, 0x00000000a5f00000, 0x00000000e0b00000)
  object space 64512K, 0% used [0x00000000a2000000,0x00000000a2002000,0x00000000a5f00000)
 Metaspace       used 12598K, capacity 12778K, committed 12928K, reserved 1060864K
  class space    used 1532K, capacity 1589K, committed 1664K, reserved 1048576K
Event: 1.332 GC heap after
Heap after GC invocations=2 (full 0):
 PSYoungGen      total 28160K, used 3581K [0x00000000e0b00000, 0x00000000e2a00000, 0x0000000100000000)
  eden space 24576K, 0% used [0x00000000e0b00000,0x00000000e0b00000,0x00000000e2300000)
  from space 3584K, 99% used [0x00000000e2680000,0x00000000e29ff4d0,0x00000000e2a00000)
  to   space 3584K, 0% used [0x00000000e2300000,0x00000000e2300000,0x00000000e2680000)
 ParOldGen       total 64512K, used 642K [0x00000000a2000000, 0x00000000a5f00000, 0x00000000e0b00000)
  object space 64512K, 0% used [0x00000000a2000000,0x00000000a20a0b18,0x00000000a5f00000)
 Metaspace       used 12598K, capacity 12778K, committed 12928K, reserved 1060864K
  class space    used 1532K, capacity 1589K, committed 1664K, reserved 1048576K
}
Event: 2.844 GC heap before
{Heap before GC invocations=3 (full 0):
 PSYoungGen      total 28160K, used 28157K [0x00000000e0b00000, 0x00000000e2a00000, 0x0000000100000000)
  eden space 24576K, 100% used [0x00000000e0b00000,0x00000000e2300000,0x00000000e2300000)
  from space 3584K, 99% used [0x00000000e2680000,0x00000000e29ff4d0,0x00000000e2a00000)
  to   space 3584K, 0% used [0x00000000e2300000,0x00000000e2300000,0x00000000e2680000)
 ParOldGen       total 64512K, used 642K [0x00000000a2000000, 0x00000000a5f00000, 0x00000000e0b00000)
  object space 64512K, 0% used [0x00000000a2000000,0x00000000a20a0b18,0x00000000a5f00000)
 Metaspace       used 17745K, capacity 17962K, committed 18176K, reserved 1064960K
  class space    used 2206K, capacity 2293K, committed 2304K, reserved 1048576K
Event: 2.858 GC heap after
Heap after GC invocations=3 (full 0):
 PSYoungGen      total 28160K, used 3572K [0x00000000e0b00000, 0x00000000e2a00000, 0x0000000100000000)
  eden space 24576K, 0% used [0x00000000e0b00000,0x00000000e0b00000,0x00000000e2300000)
  from space 3584K, 99% used [0x00000000e2300000,0x00000000e267d398,0x00000000e2680000)
  to   space 3584K, 0% used [0x00000000e2680000,0x00000000e2680000,0x00000000e2a00000)
 ParOldGen       total 64512K, used 4121K [0x00000000a2000000, 0x00000000a5f00000, 0x00000000e0b00000)
  object space 64512K, 6% used [0x00000000a2000000,0x00000000a2406590,0x00000000a5f00000)
 Metaspace       used 17745K, capacity 17962K, committed 18176K, reserved 1064960K
  class space    used 2206K, capacity 2293K, committed 2304K, reserved 1048576K
}
Event: 3.242 GC heap before
{Heap before GC invocations=4 (full 0):
 PSYoungGen      total 28160K, used 28131K [0x00000000e0b00000, 0x00000000e2a00000, 0x0000000100000000)
  eden space 24576K, 99% used [0x00000000e0b00000,0x00000000e22fba30,0x00000000e2300000)
  from space 3584K, 99% used [0x00000000e2300000,0x00000000e267d398,0x00000000e2680000)
  to   space 3584K, 0% used [0x00000000e2680000,0x00000000e2680000,0x00000000e2a00000)
 ParOldGen       total 64512K, used 4121K [0x00000000a2000000, 0x00000000a5f00000, 0x00000000e0b00000)
  object space 64512K, 6% used [0x00000000a2000000,0x00000000a2406590,0x00000000a5f00000)
 Metaspace       used 21022K, capacity 21168K, committed 21248K, reserved 1067008K
  class space    used 2684K, capacity 2742K, committed 2816K, reserved 1048576K
Event: 3.249 GC heap after
Heap after GC invocations=4 (full 0):
 PSYoungGen      total 28160K, used 3572K [0x00000000e0b00000, 0x00000000e4200000, 0x0000000100000000)
  eden space 24576K, 0% used [0x00000000e0b00000,0x00000000e0b00000,0x00000000e2300000)
  from space 3584K, 99% used [0x00000000e2680000,0x00000000e29fd388,0x00000000e2a00000)
  to   space 3584K, 0% used [0x00000000e2300000,0x00000000e2300000,0x00000000e2680000)
 ParOldGen       total 64512K, used 7413K [0x00000000a2000000, 0x00000000a5f00000, 0x00000000e0b00000)
  object space 64512K, 11% used [0x00000000a2000000,0x00000000a273d470,0x00000000a5f00000)
 Metaspace       used 21022K, capacity 21168K, committed 21248K, reserved 1067008K
  class space    used 2684K, capacity 2742K, committed 2816K, reserved 1048576K
}
Event: 3.249 GC heap before
{Heap before GC invocations=5 (full 1):
 PSYoungGen      total 28160K, used 3572K [0x00000000e0b00000, 0x00000000e4200000, 0x0000000100000000)
  eden space 24576K, 0% used [0x00000000e0b00000,0x00000000e0b00000,0x00000000e2300000)
  from space 3584K, 99% used [0x00000000e2680000,0x00000000e29fd388,0x00000000e2a00000)
  to   space 3584K, 0% used [0x00000000e2300000,0x00000000e2300000,0x00000000e2680000)
 ParOldGen       total 64512K, used 7413K [0x00000000a2000000, 0x00000000a5f00000, 0x00000000e0b00000)
  object space 64512K, 11% used [0x00000000a2000000,0x00000000a273d470,0x00000000a5f00000)
 Metaspace       used 21022K, capacity 21168K, committed 21248K, reserved 1067008K
  class space    used 2684K, capacity 2742K, committed 2816K, reserved 1048576K
Event: 3.283 GC heap after
Heap after GC invocations=5 (full 1):
 PSYoungGen      total 28160K, used 0K [0x00000000e0b00000, 0x00000000e4200000, 0x0000000100000000)
  eden space 24576K, 0% used [0x00000000e0b00000,0x00000000e0b00000,0x00000000e2300000)
  from space 3584K, 0% used [0x00000000e2680000,0x00000000e2680000,0x00000000e2a00000)
  to   space 3584K, 0% used [0x00000000e2300000,0x00000000e2300000,0x00000000e2680000)
 ParOldGen       total 49152K, used 7701K [0x00000000a2000000, 0x00000000a5000000, 0x00000000e0b00000)
  object space 49152K, 15% used [0x00000000a2000000,0x00000000a27857c0,0x00000000a5000000)
 Metaspace       used 21022K, capacity 21168K, committed 21248K, reserved 1067008K
  class space    used 2684K, capacity 2742K, committed 2816K, reserved 1048576K
}
Event: 4.322 GC heap before
{Heap before GC invocations=6 (full 1):
 PSYoungGen      total 28160K, used 24576K [0x00000000e0b00000, 0x00000000e4200000, 0x0000000100000000)
  eden space 24576K, 100% used [0x00000000e0b00000,0x00000000e2300000,0x00000000e2300000)
  from space 3584K, 0% used [0x00000000e2680000,0x00000000e2680000,0x00000000e2a00000)
  to   space 3584K, 0% used [0x00000000e2300000,0x00000000e2300000,0x00000000e2680000)
 ParOldGen       total 49152K, used 7701K [0x00000000a2000000, 0x00000000a5000000, 0x00000000e0b00000)
  object space 49152K, 15% used [0x00000000a2000000,0x00000000a27857c0,0x00000000a5000000)
 Metaspace       used 24870K, capacity 25018K, committed 25344K, reserved 1071104K
  class space    used 3157K, capacity 3229K, committed 3328K, reserved 1048576K
Event: 4.327 GC heap after
Heap after GC invocations=6 (full 1):
 PSYoungGen      total 28160K, used 3570K [0x00000000e0b00000, 0x00000000e4000000, 0x0000000100000000)
  eden space 24576K, 0% used [0x00000000e0b00000,0x00000000e0b00000,0x00000000e2300000)
  from space 3584K, 99% used [0x00000000e2300000,0x00000000e267caf8,0x00000000e2680000)
  to   space 8704K, 0% used [0x00000000e3780000,0x00000000e3780000,0x00000000e4000000)
 ParOldGen       total 49152K, used 8045K [0x00000000a2000000, 0x00000000a5000000, 0x00000000e0b00000)
  object space 49152K, 16% used [0x00000000a2000000,0x00000000a27db6e8,0x00000000a5000000)
 Metaspace       used 24870K, capacity 25018K, committed 25344K, reserved 1071104K
  class space    used 3157K, capacity 3229K, committed 3328K, reserved 1048576K
}

